obj\Release\netstandard2.1\blazor\linker\AKSoftware.WebApi.dll
obj\Release\netstandard2.1\blazor\linker\Blazor.FileReader.dll
obj\Release\netstandard2.1\blazor\linker\Blazored.LocalStorage.dll
obj\Release\netstandard2.1\blazor\linker\Microsoft.AspNetCore.Authorization.dll
obj\Release\netstandard2.1\blazor\linker\Microsoft.AspNetCore.Blazor.dll
obj\Release\netstandard2.1\blazor\linker\Microsoft.AspNetCore.Blazor.HttpClient.dll
obj\Release\netstandard2.1\blazor\linker\Microsoft.AspNetCore.Components.Authorization.dll
obj\Release\netstandard2.1\blazor\linker\Microsoft.AspNetCore.Components.dll
obj\Release\netstandard2.1\blazor\linker\Microsoft.AspNetCore.Components.Forms.dll
obj\Release\netstandard2.1\blazor\linker\Microsoft.AspNetCore.Components.Web.dll
obj\Release\netstandard2.1\blazor\linker\Microsoft.AspNetCore.Metadata.dll
obj\Release\netstandard2.1\blazor\linker\Microsoft.Bcl.AsyncInterfaces.dll
obj\Release\netstandard2.1\blazor\linker\Microsoft.CSharp.dll
obj\Release\netstandard2.1\blazor\linker\Microsoft.Extensions.Configuration.Abstractions.dll
obj\Release\netstandard2.1\blazor\linker\Microsoft.Extensions.Configuration.dll
obj\Release\netstandard2.1\blazor\linker\Microsoft.Extensions.DependencyInjection.Abstractions.dll
obj\Release\netstandard2.1\blazor\linker\Microsoft.Extensions.DependencyInjection.dll
obj\Release\netstandard2.1\blazor\linker\Microsoft.Extensions.Logging.Abstractions.dll
obj\Release\netstandard2.1\blazor\linker\Microsoft.Extensions.Options.dll
obj\Release\netstandard2.1\blazor\linker\Microsoft.Extensions.Primitives.dll
obj\Release\netstandard2.1\blazor\linker\Microsoft.JSInterop.dll
obj\Release\netstandard2.1\blazor\linker\Mono.Security.dll
obj\Release\netstandard2.1\blazor\linker\Mono.WebAssembly.Interop.dll
obj\Release\netstandard2.1\blazor\linker\mscorlib.dll
obj\Release\netstandard2.1\blazor\linker\netstandard.dll
obj\Release\netstandard2.1\blazor\linker\Newtonsoft.Json.dll
obj\Release\netstandard2.1\blazor\linker\PlannerApp.Client.dll
obj\Release\netstandard2.1\blazor\linker\PlannerApp.Shared.dll
obj\Release\netstandard2.1\blazor\linker\Radzen.Blazor.dll
obj\Release\netstandard2.1\blazor\linker\System.ComponentModel.DataAnnotations.dll
obj\Release\netstandard2.1\blazor\linker\System.Core.dll
obj\Release\netstandard2.1\blazor\linker\System.Data.dll
obj\Release\netstandard2.1\blazor\linker\System.dll
obj\Release\netstandard2.1\blazor\linker\System.Linq.Dynamic.Core.dll
obj\Release\netstandard2.1\blazor\linker\System.Net.Http.dll
obj\Release\netstandard2.1\blazor\linker\System.Numerics.dll
obj\Release\netstandard2.1\blazor\linker\System.Runtime.CompilerServices.Unsafe.dll
obj\Release\netstandard2.1\blazor\linker\System.Runtime.Serialization.dll
obj\Release\netstandard2.1\blazor\linker\System.Text.Encodings.Web.dll
obj\Release\netstandard2.1\blazor\linker\System.Text.Json.dll
obj\Release\netstandard2.1\blazor\linker\System.Xml.dll
obj\Release\netstandard2.1\blazor\linker\System.Xml.Linq.dll
obj\Release\netstandard2.1\blazor\linker\WebAssembly.Bindings.dll
obj\Release\netstandard2.1\blazor\linker\WebAssembly.Net.Http.dll
